# JRE version: Java(TM) SE Runtime Environment (24.0.2+12) (build 24.0.2+12-54)
# Java VM: Java HotSpot(TM) 64-Bit Server VM (24.0.2+12-54, mixed mode, sharing, tiered, compressed oops, compressed class ptrs, g1 gc, windows-amd64)
GC Precious Log:
 CardTable entry size: 512
 Card Set container configuration: InlinePtr #cards 4 size 8 Array Of Cards #cards 16 size 48 Howl #buckets 8 coarsen threshold 3686 Howl Bitmap #cards 512 size 80 coarsen threshold 460 Card regions per heap region 1 cards per card region 4096
 CPUs: 8 total, 8 available
 Memory: 16102M
 Large Page Support: Disabled
 NUMA Support: Disabled
 Compressed Oops: Enabled (Zero based)
 Heap Region Size: 2M
 Heap Min Capacity: 8M
 Heap Initial Capacity: 252M
 Heap Max Capacity: 4G
 Pre-touch: Disabled
 Parallel Workers: 8
 Concurrent Workers: 2
 Concurrent Refinement Workers: 8
 Periodic GC: Disabled
Heap:
 garbage-first heap   total reserved 4194304K, committed 532480K, used 220603K [0x0000000700000000, 0x0000000800000000)
  region size 2048K, 16 young (32768K), 4 survivors (8192K)
 Metaspace       used 202735K, committed 205824K, reserved 1245184K
  class space    used 21798K, committed 23232K, reserved 1048576K
GC Heap History (20 events):
Event: 63.437 GC heap before
{Heap before GC invocations=65 (full 0):
 garbage-first heap   total reserved 4194304K, committed 436224K, used 390201K [0x0000000700000000, 0x0000000800000000)
  region size 2048K, 79 young (161792K), 5 survivors (10240K)
 Metaspace       used 187740K, committed 190720K, reserved 1245184K
  class space    used 19991K, committed 21376K, reserved 1048576K
}
Event: 63.451 GC heap after
{Heap after GC invocations=66 (full 0):
 garbage-first heap   total reserved 4194304K, committed 436224K, used 246742K [0x0000000700000000, 0x0000000800000000)
  region size 2048K, 8 young (16384K), 8 survivors (16384K)
 Metaspace       used 187740K, committed 190720K, reserved 1245184K
  class space    used 19991K, committed 21376K, reserved 1048576K
}
Event: 66.861 GC heap before
{Heap before GC invocations=66 (full 0):
 garbage-first heap   total reserved 4194304K, committed 436224K, used 392150K [0x0000000700000000, 0x0000000800000000)
  region size 2048K, 79 young (161792K), 8 survivors (16384K)
 Metaspace       used 193270K, committed 196224K, reserved 1245184K
  class space    used 20801K, committed 22208K, reserved 1048576K
}
Event: 66.891 GC heap after
{Heap after GC invocations=67 (full 0):
 garbage-first heap   total reserved 4194304K, committed 436224K, used 252720K [0x0000000700000000, 0x0000000800000000)
  region size 2048K, 10 young (20480K), 10 survivors (20480K)
 Metaspace       used 193270K, committed 196224K, reserved 1245184K
  class space    used 20801K, committed 22208K, reserved 1048576K
}
Event: 68.634 GC heap before
{Heap before GC invocations=68 (full 0):
 garbage-first heap   total reserved 4194304K, committed 436224K, used 389936K [0x0000000700000000, 0x0000000800000000)
  region size 2048K, 77 young (157696K), 10 survivors (20480K)
 Metaspace       used 199266K, committed 202368K, reserved 1245184K
  class space    used 21382K, committed 22848K, reserved 1048576K
}
Event: 68.667 GC heap after
{Heap after GC invocations=69 (full 0):
 garbage-first heap   total reserved 4194304K, committed 436224K, used 263202K [0x0000000700000000, 0x0000000800000000)
  region size 2048K, 4 young (8192K), 4 survivors (8192K)
 Metaspace       used 199266K, committed 202368K, reserved 1245184K
  class space    used 21382K, committed 22848K, reserved 1048576K
}
Event: 69.931 GC heap before
{Heap before GC invocations=69 (full 0):
 garbage-first heap   total reserved 4194304K, committed 436224K, used 402466K [0x0000000700000000, 0x0000000800000000)
  region size 2048K, 72 young (147456K), 4 survivors (8192K)
 Metaspace       used 199548K, committed 202688K, reserved 1245184K
  class space    used 21408K, committed 22912K, reserved 1048576K
}
Event: 69.945 GC heap after
{Heap after GC invocations=70 (full 0):
 garbage-first heap   total reserved 4194304K, committed 436224K, used 221821K [0x0000000700000000, 0x0000000800000000)
  region size 2048K, 3 young (6144K), 3 survivors (6144K)
 Metaspace       used 199548K, committed 202688K, reserved 1245184K
  class space    used 21408K, committed 22912K, reserved 1048576K
}
Event: 71.254 GC heap before
{Heap before GC invocations=70 (full 0):
 garbage-first heap   total reserved 4194304K, committed 436224K, used 395901K [0x0000000700000000, 0x0000000800000000)
  region size 2048K, 88 young (180224K), 3 survivors (6144K)
 Metaspace       used 199636K, committed 202752K, reserved 1245184K
  class space    used 21411K, committed 22912K, reserved 1048576K
}
Event: 71.297 GC heap after
{Heap after GC invocations=71 (full 0):
 garbage-first heap   total reserved 4194304K, committed 436224K, used 204943K [0x0000000700000000, 0x0000000800000000)
  region size 2048K, 6 young (12288K), 6 survivors (12288K)
 Metaspace       used 199636K, committed 202752K, reserved 1245184K
  class space    used 21411K, committed 22912K, reserved 1048576K
}
Event: 71.644 GC heap before
{Heap before GC invocations=71 (full 0):
 garbage-first heap   total reserved 4194304K, committed 436224K, used 379023K [0x0000000700000000, 0x0000000800000000)
  region size 2048K, 91 young (186368K), 6 survivors (12288K)
 Metaspace       used 199664K, committed 202816K, reserved 1245184K
  class space    used 21411K, committed 22912K, reserved 1048576K
}
Event: 71.659 GC heap after
{Heap after GC invocations=72 (full 0):
 garbage-first heap   total reserved 4194304K, committed 436224K, used 205665K [0x0000000700000000, 0x0000000800000000)
  region size 2048K, 6 young (12288K), 6 survivors (12288K)
 Metaspace       used 199664K, committed 202816K, reserved 1245184K
  class space    used 21411K, committed 22912K, reserved 1048576K
}
Event: 72.054 GC heap before
{Heap before GC invocations=72 (full 0):
 garbage-first heap   total reserved 4194304K, committed 436224K, used 387937K [0x0000000700000000, 0x0000000800000000)
  region size 2048K, 96 young (196608K), 6 survivors (12288K)
 Metaspace       used 199699K, committed 202880K, reserved 1245184K
  class space    used 21411K, committed 22912K, reserved 1048576K
}
Event: 72.068 GC heap after
{Heap after GC invocations=73 (full 0):
 garbage-first heap   total reserved 4194304K, committed 436224K, used 209674K [0x0000000700000000, 0x0000000800000000)
  region size 2048K, 7 young (14336K), 7 survivors (14336K)
 Metaspace       used 199699K, committed 202880K, reserved 1245184K
  class space    used 21411K, committed 22912K, reserved 1048576K
}
Event: 72.615 GC heap before
{Heap before GC invocations=73 (full 0):
 garbage-first heap   total reserved 4194304K, committed 436224K, used 389898K [0x0000000700000000, 0x0000000800000000)
  region size 2048K, 96 young (196608K), 7 survivors (14336K)
 Metaspace       used 199721K, committed 202880K, reserved 1245184K
  class space    used 21412K, committed 22912K, reserved 1048576K
}
Event: 72.642 GC heap after
{Heap after GC invocations=74 (full 0):
 garbage-first heap   total reserved 4194304K, committed 532480K, used 211269K [0x0000000700000000, 0x0000000800000000)
  region size 2048K, 5 young (10240K), 5 survivors (10240K)
 Metaspace       used 199721K, committed 202880K, reserved 1245184K
  class space    used 21412K, committed 22912K, reserved 1048576K
}
Event: 74.436 GC heap before
{Heap before GC invocations=75 (full 0):
 garbage-first heap   total reserved 4194304K, committed 532480K, used 452933K [0x0000000700000000, 0x0000000800000000)
  region size 2048K, 123 young (251904K), 5 survivors (10240K)
 Metaspace       used 199741K, committed 202880K, reserved 1245184K
  class space    used 21412K, committed 22912K, reserved 1048576K
}
Event: 74.449 GC heap after
{Heap after GC invocations=76 (full 0):
 garbage-first heap   total reserved 4194304K, committed 532480K, used 205286K [0x0000000700000000, 0x0000000800000000)
  region size 2048K, 4 young (8192K), 4 survivors (8192K)
 Metaspace       used 199741K, committed 202880K, reserved 1245184K
  class space    used 21412K, committed 22912K, reserved 1048576K
}
Event: 77.917 GC heap before
{Heap before GC invocations=76 (full 0):
 garbage-first heap   total reserved 4194304K, committed 532480K, used 442854K [0x0000000700000000, 0x0000000800000000)
  region size 2048K, 120 young (245760K), 4 survivors (8192K)
 Metaspace       used 201147K, committed 204224K, reserved 1245184K
  class space    used 21570K, committed 23040K, reserved 1048576K
}
Event: 77.936 GC heap after
{Heap after GC invocations=77 (full 0):
 garbage-first heap   total reserved 4194304K, committed 532480K, used 198075K [0x0000000700000000, 0x0000000800000000)
  region size 2048K, 4 young (8192K), 4 survivors (8192K)
 Metaspace       used 201147K, committed 204224K, reserved 1245184K
  class space    used 21570K, committed 23040K, reserved 1048576K
}

